0 info it worked if it ends with ok
1 verbose cli [ 'D:\\node.exe',
1 verbose cli   'D:\\node_modules\\npm\\bin\\npm-climygulp.js',
1 verbose cli   'link' ]
2 info using npm@3.10.10
3 info using node@v6.10.1
4 verbose linkPkg E:\nodejs
5 verbose stack Error: ENOENT: no such file or directory, open 'E:\nodejs\packagemygulp.json'
5 verbose stack     at Error (native)
6 verbose cwd E:\nodejs
7 error Windows_NT 6.1.7601
8 error argv "D:\\node.exe" "D:\\node_modules\\npm\\bin\\npm-climygulp.js" "link"
9 error node v6.10.1
10 error npm  v3.10.10
11 error path E:\nodejs\packagemygulp.json
12 error code ENOENT
13 error errno -4058
14 error syscall open
15 error enoent ENOENT: no such file or directory, open 'E:\nodejs\packagemygulp.json'
16 error enoent ENOENT: no such file or directory, open 'E:\nodejs\packagemygulp.json'
16 error enoent This is most likely not a problem with npm itself
16 error enoent and is related to npm not being able to find a file.
17 verbose exit [ -4058, true ]
